0 info it worked if it ends with ok
1 verbose cli [ '/usr/bin/nodejs', '/usr/bin/npm', 'run', 'debug' ]
2 info using npm@3.10.10
3 info using node@v6.11.0
4 verbose run-script [ 'predebug', 'debug', 'postdebug' ]
5 info lifecycle boilerplate-nodejs-api@0.0.0~predebug: boilerplate-nodejs-api@0.0.0
6 silly lifecycle boilerplate-nodejs-api@0.0.0~predebug: no script for predebug, continuing
7 info lifecycle boilerplate-nodejs-api@0.0.0~debug: boilerplate-nodejs-api@0.0.0
8 verbose lifecycle boilerplate-nodejs-api@0.0.0~debug: unsafe-perm in lifecycle true
9 verbose lifecycle boilerplate-nodejs-api@0.0.0~debug: PATH: /usr/lib/node_modules/npm/bin/node-gyp-bin:/media/mick/Arquivos/repos/boilerplate-nodejs-api/node_modules/.bin:/home/mick/bin:/home/mick/.local/bin:/usr/local/sbin:/usr/local/bin:/usr/sbin:/usr/bin:/sbin:/bin:/usr/games:/usr/local/games:/snap/bin:/usr/lib/jvm/java-8-oracle/bin:/usr/lib/jvm/java-8-oracle/db/bin:/usr/lib/jvm/java-8-oracle/jre/bin:/home/mick/Android/Sdk/tools:/home/mick/Android/Sdk/platform-tools
10 verbose lifecycle boilerplate-nodejs-api@0.0.0~debug: CWD: /media/mick/Arquivos/repos/boilerplate-nodejs-api
11 silly lifecycle boilerplate-nodejs-api@0.0.0~debug: Args: [ '-c', 'node --inspect ./bin/www' ]
12 silly lifecycle boilerplate-nodejs-api@0.0.0~debug: Returned: code: 12  signal: null
13 info lifecycle boilerplate-nodejs-api@0.0.0~debug: Failed to exec debug script
14 verbose stack Error: boilerplate-nodejs-api@0.0.0 debug: `node --inspect ./bin/www`
14 verbose stack Exit status 12
14 verbose stack     at EventEmitter.<anonymous> (/usr/lib/node_modules/npm/lib/utils/lifecycle.js:255:16)
14 verbose stack     at emitTwo (events.js:106:13)
14 verbose stack     at EventEmitter.emit (events.js:191:7)
14 verbose stack     at ChildProcess.<anonymous> (/usr/lib/node_modules/npm/lib/utils/spawn.js:40:14)
14 verbose stack     at emitTwo (events.js:106:13)
14 verbose stack     at ChildProcess.emit (events.js:191:7)
14 verbose stack     at maybeClose (internal/child_process.js:891:16)
14 verbose stack     at Process.ChildProcess._handle.onexit (internal/child_process.js:226:5)
15 verbose pkgid boilerplate-nodejs-api@0.0.0
16 verbose cwd /media/mick/Arquivos/repos/boilerplate-nodejs-api
17 error Linux 4.4.0-79-generic
18 error argv "/usr/bin/nodejs" "/usr/bin/npm" "run" "debug"
19 error node v6.11.0
20 error npm  v3.10.10
21 error code ELIFECYCLE
22 error boilerplate-nodejs-api@0.0.0 debug: `node --inspect ./bin/www`
22 error Exit status 12
23 error Failed at the boilerplate-nodejs-api@0.0.0 debug script 'node --inspect ./bin/www'.
23 error Make sure you have the latest version of node.js and npm installed.
23 error If you do, this is most likely a problem with the boilerplate-nodejs-api package,
23 error not with npm itself.
23 error Tell the author that this fails on your system:
23 error     node --inspect ./bin/www
23 error You can get information on how to open an issue for this project with:
23 error     npm bugs boilerplate-nodejs-api
23 error Or if that isn't available, you can get their info via:
23 error     npm owner ls boilerplate-nodejs-api
23 error There is likely additional logging output above.
24 verbose exit [ 1, true ]
